# JRE version: Java(TM) SE Runtime Environment (8.0_162-b12) (build 1.8.0_162-b12)
# Java VM: Java HotSpot(TM) 64-Bit Server VM (25.162-b12 mixed mode windows-amd64 compressed oops)
Heap:
 PSYoungGen      total 349696K, used 168834K [0x00000000e0000000, 0x0000000100000000, 0x0000000100000000)
  eden space 175104K, 96% used [0x00000000e0000000,0x00000000ea4e0af8,0x00000000eab00000)
  from space 174592K, 0% used [0x00000000eab00000,0x00000000eab00000,0x00000000f5580000)
  to   space 174592K, 0% used [0x00000000f5580000,0x00000000f5580000,0x0000000100000000)
 ParOldGen       total 1048576K, used 1048527K [0x00000000a0000000, 0x00000000e0000000, 0x00000000e0000000)
  object space 1048576K, 99% used [0x00000000a0000000,0x00000000dfff3ca8,0x00000000e0000000)
 Metaspace       used 174937K, capacity 185128K, committed 194324K, reserved 1218560K
  class space    used 21758K, capacity 24129K, committed 26132K, reserved 1048576K
GC Heap History (10 events):
Event: 9627.483 GC heap after
Heap after GC invocations=195 (full 36):
 PSYoungGen      total 349696K, used 72110K [0x00000000e0000000, 0x0000000100000000, 0x0000000100000000)
  eden space 175104K, 0% used [0x00000000e0000000,0x00000000e0000000,0x00000000eab00000)
  from space 174592K, 41% used [0x00000000f5580000,0x00000000f9beb950,0x0000000100000000)
  to   space 174592K, 0% used [0x00000000eab00000,0x00000000eab00000,0x00000000f5580000)
 ParOldGen       total 1048576K, used 967435K [0x00000000a0000000, 0x00000000e0000000, 0x00000000e0000000)
  object space 1048576K, 92% used [0x00000000a0000000,0x00000000db0c2d60,0x00000000e0000000)
 Metaspace       used 171545K, capacity 181734K, committed 194324K, reserved 1218560K
  class space    used 21280K, capacity 23640K, committed 26132K, reserved 1048576K
}
Event: 9628.394 GC heap before
{Heap before GC invocations=196 (full 36):
 PSYoungGen      total 349696K, used 247214K [0x00000000e0000000, 0x0000000100000000, 0x0000000100000000)
  eden space 175104K, 100% used [0x00000000e0000000,0x00000000eab00000,0x00000000eab00000)
  from space 174592K, 41% used [0x00000000f5580000,0x00000000f9beb950,0x0000000100000000)
  to   space 174592K, 0% used [0x00000000eab00000,0x00000000eab00000,0x00000000f5580000)
 ParOldGen       total 1048576K, used 967435K [0x00000000a0000000, 0x00000000e0000000, 0x00000000e0000000)
  object space 1048576K, 92% used [0x00000000a0000000,0x00000000db0c2d60,0x00000000e0000000)
 Metaspace       used 174932K, capacity 185128K, committed 194324K, reserved 1218560K
  class space    used 21758K, capacity 24129K, committed 26132K, reserved 1048576K
Event: 9628.435 GC heap after
Heap after GC invocations=196 (full 36):
 PSYoungGen      total 349696K, used 125359K [0x00000000e0000000, 0x0000000100000000, 0x0000000100000000)
  eden space 175104K, 0% used [0x00000000e0000000,0x00000000e0000000,0x00000000eab00000)
  from space 174592K, 71% used [0x00000000eab00000,0x00000000f256be08,0x00000000f5580000)
  to   space 174592K, 0% used [0x00000000f5580000,0x00000000f5580000,0x0000000100000000)
 ParOldGen       total 1048576K, used 967443K [0x00000000a0000000, 0x00000000e0000000, 0x00000000e0000000)
  object space 1048576K, 92% used [0x00000000a0000000,0x00000000db0c4d60,0x00000000e0000000)
 Metaspace       used 174932K, capacity 185128K, committed 194324K, reserved 1218560K
  class space    used 21758K, capacity 24129K, committed 26132K, reserved 1048576K
}
Event: 9628.979 GC heap before
{Heap before GC invocations=197 (full 36):
 PSYoungGen      total 349696K, used 300463K [0x00000000e0000000, 0x0000000100000000, 0x0000000100000000)
  eden space 175104K, 100% used [0x00000000e0000000,0x00000000eab00000,0x00000000eab00000)
  from space 174592K, 71% used [0x00000000eab00000,0x00000000f256be08,0x00000000f5580000)
  to   space 174592K, 0% used [0x00000000f5580000,0x00000000f5580000,0x0000000100000000)
 ParOldGen       total 1048576K, used 967443K [0x00000000a0000000, 0x00000000e0000000, 0x00000000e0000000)
  object space 1048576K, 92% used [0x00000000a0000000,0x00000000db0c4d60,0x00000000e0000000)
 Metaspace       used 174935K, capacity 185128K, committed 194324K, reserved 1218560K
  class space    used 21758K, capacity 24129K, committed 26132K, reserved 1048576K
Event: 9629.189 GC heap after
Heap after GC invocations=197 (full 36):
 PSYoungGen      total 349696K, used 300463K [0x00000000e0000000, 0x0000000100000000, 0x0000000100000000)
  eden space 175104K, 100% used [0x00000000e0000000,0x00000000eab00000,0x00000000eab00000)
  from space 174592K, 71% used [0x00000000eab00000,0x00000000f256be08,0x00000000f5580000)
  to   space 174592K, 2% used [0x00000000f5580000,0x00000000f5a1e080,0x0000000100000000)
 ParOldGen       total 1048576K, used 1048575K [0x00000000a0000000, 0x00000000e0000000, 0x00000000e0000000)
  object space 1048576K, 99% used [0x00000000a0000000,0x00000000dffffdc8,0x00000000e0000000)
 Metaspace       used 174935K, capacity 185128K, committed 194324K, reserved 1218560K
  class space    used 21758K, capacity 24129K, committed 26132K, reserved 1048576K
}
Event: 9629.189 GC heap before
{Heap before GC invocations=198 (full 37):
 PSYoungGen      total 349696K, used 300463K [0x00000000e0000000, 0x0000000100000000, 0x0000000100000000)
  eden space 175104K, 100% used [0x00000000e0000000,0x00000000eab00000,0x00000000eab00000)
  from space 174592K, 71% used [0x00000000eab00000,0x00000000f256be08,0x00000000f5580000)
  to   space 174592K, 2% used [0x00000000f5580000,0x00000000f5a1e080,0x0000000100000000)
 ParOldGen       total 1048576K, used 1048575K [0x00000000a0000000, 0x00000000e0000000, 0x00000000e0000000)
  object space 1048576K, 99% used [0x00000000a0000000,0x00000000dffffdc8,0x00000000e0000000)
 Metaspace       used 174935K, capacity 185128K, committed 194324K, reserved 1218560K
  class space    used 21758K, capacity 24129K, committed 26132K, reserved 1048576K
Event: 9631.097 GC heap after
Heap after GC invocations=198 (full 37):
 PSYoungGen      total 349696K, used 33810K [0x00000000e0000000, 0x0000000100000000, 0x0000000100000000)
  eden space 175104K, 0% used [0x00000000e0000000,0x00000000e0000000,0x00000000eab00000)
  from space 174592K, 19% used [0x00000000eab00000,0x00000000ecc048a8,0x00000000f5580000)
  to   space 174592K, 0% used [0x00000000f5580000,0x00000000f5580000,0x0000000100000000)
 ParOldGen       total 1048576K, used 1048425K [0x00000000a0000000, 0x00000000e0000000, 0x00000000e0000000)
  object space 1048576K, 99% used [0x00000000a0000000,0x00000000dffda7f0,0x00000000e0000000)
 Metaspace       used 174935K, capacity 185128K, committed 194324K, reserved 1218560K
  class space    used 21758K, capacity 24129K, committed 26132K, reserved 1048576K
}
Event: 9631.545 GC heap before
{Heap before GC invocations=199 (full 38):
 PSYoungGen      total 349696K, used 208914K [0x00000000e0000000, 0x0000000100000000, 0x0000000100000000)
  eden space 175104K, 100% used [0x00000000e0000000,0x00000000eab00000,0x00000000eab00000)
  from space 174592K, 19% used [0x00000000eab00000,0x00000000ecc048a8,0x00000000f5580000)
  to   space 174592K, 0% used [0x00000000f5580000,0x00000000f5580000,0x0000000100000000)
 ParOldGen       total 1048576K, used 1048571K [0x00000000a0000000, 0x00000000e0000000, 0x00000000e0000000)
  object space 1048576K, 99% used [0x00000000a0000000,0x00000000dfffeed8,0x00000000e0000000)
 Metaspace       used 174937K, capacity 185128K, committed 194324K, reserved 1218560K
  class space    used 21758K, capacity 24129K, committed 26132K, reserved 1048576K
Event: 9632.902 GC heap after
Heap after GC invocations=199 (full 38):
 PSYoungGen      total 349696K, used 59542K [0x00000000e0000000, 0x0000000100000000, 0x0000000100000000)
  eden space 175104K, 34% used [0x00000000e0000000,0x00000000e3a25a80,0x00000000eab00000)
  from space 174592K, 0% used [0x00000000eab00000,0x00000000eab00000,0x00000000f5580000)
  to   space 174592K, 0% used [0x00000000f5580000,0x00000000f5580000,0x0000000100000000)
 ParOldGen       total 1048576K, used 1048527K [0x00000000a0000000, 0x00000000e0000000, 0x00000000e0000000)
  object space 1048576K, 99% used [0x00000000a0000000,0x00000000dfff3ca8,0x00000000e0000000)
 Metaspace       used 174937K, capacity 185128K, committed 194324K, reserved 1218560K
  class space    used 21758K, capacity 24129K, committed 26132K, reserved 1048576K
}
Event: 9633.083 GC heap before
{Heap before GC invocations=200 (full 39):
 PSYoungGen      total 349696K, used 168834K [0x00000000e0000000, 0x0000000100000000, 0x0000000100000000)
  eden space 175104K, 96% used [0x00000000e0000000,0x00000000ea4e0af8,0x00000000eab00000)
  from space 174592K, 0% used [0x00000000eab00000,0x00000000eab00000,0x00000000f5580000)
  to   space 174592K, 0% used [0x00000000f5580000,0x00000000f5580000,0x0000000100000000)
 ParOldGen       total 1048576K, used 1048527K [0x00000000a0000000, 0x00000000e0000000, 0x00000000e0000000)
  object space 1048576K, 99% used [0x00000000a0000000,0x00000000dfff3ca8,0x00000000e0000000)
 Metaspace       used 174937K, capacity 185128K, committed 194324K, reserved 1218560K
  class space    used 21758K, capacity 24129K, committed 26132K, reserved 1048576K

