# JRE version: Java(TM) SE Runtime Environment (8.0_162-b12) (build 1.8.0_162-b12)
# Java VM: Java HotSpot(TM) 64-Bit Server VM (25.162-b12 mixed mode windows-amd64 compressed oops)
Heap:
 PSYoungGen      total 379904K, used 238818K [0x00000000e0000000, 0x00000000ffa80000, 0x0000000100000000)
  eden space 239104K, 99% used [0x00000000e0000000,0x00000000ee938a48,0x00000000ee980000)
  from space 140800K, 0% used [0x00000000ee980000,0x00000000ee980000,0x00000000f7300000)
  to   space 136704K, 0% used [0x00000000f7500000,0x00000000f7500000,0x00000000ffa80000)
 ParOldGen       total 1048576K, used 989605K [0x00000000a0000000, 0x00000000e0000000, 0x00000000e0000000)
  object space 1048576K, 94% used [0x00000000a0000000,0x00000000dc6695f0,0x00000000e0000000)
 Metaspace       used 155040K, capacity 162446K, committed 163608K, reserved 1191936K
  class space    used 19397K, capacity 21008K, committed 22048K, reserved 1048576K
GC Heap History (10 events):
Event: 4581.035 GC heap after
Heap after GC invocations=58 (full 8):
 PSYoungGen      total 352768K, used 49084K [0x00000000e0000000, 0x00000000fef80000, 0x0000000100000000)
  eden space 216576K, 0% used [0x00000000e0000000,0x00000000e0000000,0x00000000ed380000)
  from space 136192K, 36% used [0x00000000f6a80000,0x00000000f9a6f018,0x00000000fef80000)
  to   space 145408K, 0% used [0x00000000ed380000,0x00000000ed380000,0x00000000f6180000)
 ParOldGen       total 1048576K, used 806818K [0x00000000a0000000, 0x00000000e0000000, 0x00000000e0000000)
  object space 1048576K, 76% used [0x00000000a0000000,0x00000000d13e8940,0x00000000e0000000)
 Metaspace       used 143811K, capacity 150922K, committed 162968K, reserved 1189888K
  class space    used 18020K, capacity 19564K, committed 21920K, reserved 1048576K
}
Event: 4582.713 GC heap before
{Heap before GC invocations=59 (full 8):
 PSYoungGen      total 352768K, used 265660K [0x00000000e0000000, 0x00000000fef80000, 0x0000000100000000)
  eden space 216576K, 100% used [0x00000000e0000000,0x00000000ed380000,0x00000000ed380000)
  from space 136192K, 36% used [0x00000000f6a80000,0x00000000f9a6f018,0x00000000fef80000)
  to   space 145408K, 0% used [0x00000000ed380000,0x00000000ed380000,0x00000000f6180000)
 ParOldGen       total 1048576K, used 806818K [0x00000000a0000000, 0x00000000e0000000, 0x00000000e0000000)
  object space 1048576K, 76% used [0x00000000a0000000,0x00000000d13e8940,0x00000000e0000000)
 Metaspace       used 144095K, capacity 151286K, committed 162968K, reserved 1189888K
  class space    used 18031K, capacity 19604K, committed 21920K, reserved 1048576K
Event: 4582.745 GC heap after
Heap after GC invocations=59 (full 8):
 PSYoungGen      total 361984K, used 41974K [0x00000000e0000000, 0x00000000ffe00000, 0x0000000100000000)
  eden space 216576K, 0% used [0x00000000e0000000,0x00000000e0000000,0x00000000ed380000)
  from space 145408K, 28% used [0x00000000ed380000,0x00000000efc7d8a8,0x00000000f6180000)
  to   space 139776K, 0% used [0x00000000f7580000,0x00000000f7580000,0x00000000ffe00000)
 ParOldGen       total 1048576K, used 854645K [0x00000000a0000000, 0x00000000e0000000, 0x00000000e0000000)
  object space 1048576K, 81% used [0x00000000a0000000,0x00000000d429d6d0,0x00000000e0000000)
 Metaspace       used 144095K, capacity 151286K, committed 162968K, reserved 1189888K
  class space    used 18031K, capacity 19604K, committed 21920K, reserved 1048576K
}
Event: 4583.640 GC heap before
{Heap before GC invocations=60 (full 8):
 PSYoungGen      total 361984K, used 258550K [0x00000000e0000000, 0x00000000ffe00000, 0x0000000100000000)
  eden space 216576K, 100% used [0x00000000e0000000,0x00000000ed380000,0x00000000ed380000)
  from space 145408K, 28% used [0x00000000ed380000,0x00000000efc7d8a8,0x00000000f6180000)
  to   space 139776K, 0% used [0x00000000f7580000,0x00000000f7580000,0x00000000ffe00000)
 ParOldGen       total 1048576K, used 854645K [0x00000000a0000000, 0x00000000e0000000, 0x00000000e0000000)
  object space 1048576K, 81% used [0x00000000a0000000,0x00000000d429d6d0,0x00000000e0000000)
 Metaspace       used 154518K, capacity 161758K, committed 163224K, reserved 1189888K
  class space    used 19322K, capacity 20880K, committed 21920K, reserved 1048576K
Event: 4583.675 GC heap after
Heap after GC invocations=60 (full 8):
 PSYoungGen      total 377344K, used 83200K [0x00000000e0000000, 0x00000000ffc80000, 0x0000000100000000)
  eden space 239104K, 0% used [0x00000000e0000000,0x00000000e0000000,0x00000000ee980000)
  from space 138240K, 60% used [0x00000000f7580000,0x00000000fc6c0240,0x00000000ffc80000)
  to   space 140800K, 0% used [0x00000000ee980000,0x00000000ee980000,0x00000000f7300000)
 ParOldGen       total 1048576K, used 890059K [0x00000000a0000000, 0x00000000e0000000, 0x00000000e0000000)
  object space 1048576K, 84% used [0x00000000a0000000,0x00000000d6532f40,0x00000000e0000000)
 Metaspace       used 154518K, capacity 161758K, committed 163224K, reserved 1189888K
  class space    used 19322K, capacity 20880K, committed 21920K, reserved 1048576K
}
Event: 4635.750 GC heap before
{Heap before GC invocations=61 (full 8):
 PSYoungGen      total 377344K, used 322304K [0x00000000e0000000, 0x00000000ffc80000, 0x0000000100000000)
  eden space 239104K, 100% used [0x00000000e0000000,0x00000000ee980000,0x00000000ee980000)
  from space 138240K, 60% used [0x00000000f7580000,0x00000000fc6c0240,0x00000000ffc80000)
  to   space 140800K, 0% used [0x00000000ee980000,0x00000000ee980000,0x00000000f7300000)
 ParOldGen       total 1048576K, used 890059K [0x00000000a0000000, 0x00000000e0000000, 0x00000000e0000000)
  object space 1048576K, 84% used [0x00000000a0000000,0x00000000d6532f40,0x00000000e0000000)
 Metaspace       used 154980K, capacity 162382K, committed 163608K, reserved 1191936K
  class space    used 19397K, capacity 21008K, committed 22048K, reserved 1048576K
Event: 4635.785 GC heap after
Heap after GC invocations=61 (full 8):
 PSYoungGen      total 379904K, used 38483K [0x00000000e0000000, 0x00000000ffa80000, 0x0000000100000000)
  eden space 239104K, 0% used [0x00000000e0000000,0x00000000e0000000,0x00000000ee980000)
  from space 140800K, 27% used [0x00000000ee980000,0x00000000f0f14e40,0x00000000f7300000)
  to   space 136704K, 0% used [0x00000000f7500000,0x00000000f7500000,0x00000000ffa80000)
 ParOldGen       total 1048576K, used 962057K [0x00000000a0000000, 0x00000000e0000000, 0x00000000e0000000)
  object space 1048576K, 91% used [0x00000000a0000000,0x00000000dab82518,0x00000000e0000000)
 Metaspace       used 154980K, capacity 162382K, committed 163608K, reserved 1191936K
  class space    used 19397K, capacity 21008K, committed 22048K, reserved 1048576K
}
Event: 4635.785 GC heap before
{Heap before GC invocations=62 (full 9):
 PSYoungGen      total 379904K, used 38483K [0x00000000e0000000, 0x00000000ffa80000, 0x0000000100000000)
  eden space 239104K, 0% used [0x00000000e0000000,0x00000000e0000000,0x00000000ee980000)
  from space 140800K, 27% used [0x00000000ee980000,0x00000000f0f14e40,0x00000000f7300000)
  to   space 136704K, 0% used [0x00000000f7500000,0x00000000f7500000,0x00000000ffa80000)
 ParOldGen       total 1048576K, used 962057K [0x00000000a0000000, 0x00000000e0000000, 0x00000000e0000000)
  object space 1048576K, 91% used [0x00000000a0000000,0x00000000dab82518,0x00000000e0000000)
 Metaspace       used 154980K, capacity 162382K, committed 163608K, reserved 1191936K
  class space    used 19397K, capacity 21008K, committed 22048K, reserved 1048576K
Event: 4636.527 GC heap after
Heap after GC invocations=62 (full 9):
 PSYoungGen      total 379904K, used 0K [0x00000000e0000000, 0x00000000ffa80000, 0x0000000100000000)
  eden space 239104K, 0% used [0x00000000e0000000,0x00000000e0000000,0x00000000ee980000)
  from space 140800K, 0% used [0x00000000ee980000,0x00000000ee980000,0x00000000f7300000)
  to   space 136704K, 0% used [0x00000000f7500000,0x00000000f7500000,0x00000000ffa80000)
 ParOldGen       total 1048576K, used 989605K [0x00000000a0000000, 0x00000000e0000000, 0x00000000e0000000)
  object space 1048576K, 94% used [0x00000000a0000000,0x00000000dc6695f0,0x00000000e0000000)
 Metaspace       used 154980K, capacity 162382K, committed 163608K, reserved 1191936K
  class space    used 19397K, capacity 21008K, committed 22048K, reserved 1048576K
}
Event: 4639.441 GC heap before
{Heap before GC invocations=63 (full 10):
 PSYoungGen      total 379904K, used 238818K [0x00000000e0000000, 0x00000000ffa80000, 0x0000000100000000)
  eden space 239104K, 99% used [0x00000000e0000000,0x00000000ee938a48,0x00000000ee980000)
  from space 140800K, 0% used [0x00000000ee980000,0x00000000ee980000,0x00000000f7300000)
  to   space 136704K, 0% used [0x00000000f7500000,0x00000000f7500000,0x00000000ffa80000)
 ParOldGen       total 1048576K, used 989605K [0x00000000a0000000, 0x00000000e0000000, 0x00000000e0000000)
  object space 1048576K, 94% used [0x00000000a0000000,0x00000000dc6695f0,0x00000000e0000000)
 Metaspace       used 155040K, capacity 162446K, committed 163608K, reserved 1191936K
  class space    used 19397K, capacity 21008K, committed 22048K, reserved 1048576K

