# JRE version: Java(TM) SE Runtime Environment (8.0_162-b12) (build 1.8.0_162-b12)
# Java VM: Java HotSpot(TM) 64-Bit Server VM (25.162-b12 mixed mode windows-amd64 compressed oops)
Heap:
 PSYoungGen      total 295936K, used 229378K [0x00000000e0000000, 0x00000000f6380000, 0x0000000100000000)
  eden space 263680K, 75% used [0x00000000e0000000,0x00000000ec170818,0x00000000f0180000)
  from space 32256K, 97% used [0x00000000f0180000,0x00000000f20103c0,0x00000000f2100000)
  to   space 36352K, 0% used [0x00000000f4000000,0x00000000f4000000,0x00000000f6380000)
 ParOldGen       total 262656K, used 55060K [0x00000000a0000000, 0x00000000b0080000, 0x00000000e0000000)
  object space 262656K, 20% used [0x00000000a0000000,0x00000000a35c5300,0x00000000b0080000)
 Metaspace       used 67961K, capacity 72712K, committed 72960K, reserved 1112064K
  class space    used 9246K, capacity 10371K, committed 10496K, reserved 1048576K
GC Heap History (10 events):
Event: 6.180 GC heap before
{Heap before GC invocations=10 (full 2):
 PSYoungGen      total 162816K, used 162788K [0x00000000e0000000, 0x00000000ef380000, 0x0000000100000000)
  eden space 148992K, 100% used [0x00000000e0000000,0x00000000e9180000,0x00000000e9180000)
  from space 13824K, 99% used [0x00000000e9180000,0x00000000e9ef92a0,0x00000000e9f00000)
  to   space 16896K, 0% used [0x00000000ee300000,0x00000000ee300000,0x00000000ef380000)
 ParOldGen       total 160768K, used 19730K [0x00000000a0000000, 0x00000000a9d00000, 0x00000000e0000000)
  object space 160768K, 12% used [0x00000000a0000000,0x00000000a1344a38,0x00000000a9d00000)
 Metaspace       used 53804K, capacity 56298K, committed 56576K, reserved 1097728K
  class space    used 7435K, capacity 8125K, committed 8192K, reserved 1048576K
Event: 6.195 GC heap after
Heap after GC invocations=10 (full 2):
 PSYoungGen      total 225792K, used 16870K [0x00000000e0000000, 0x00000000f0000000, 0x0000000100000000)
  eden space 208896K, 0% used [0x00000000e0000000,0x00000000e0000000,0x00000000ecc00000)
  from space 16896K, 99% used [0x00000000ee300000,0x00000000ef379ba8,0x00000000ef380000)
  to   space 23552K, 0% used [0x00000000ecc00000,0x00000000ecc00000,0x00000000ee300000)
 ParOldGen       total 160768K, used 30529K [0x00000000a0000000, 0x00000000a9d00000, 0x00000000e0000000)
  object space 160768K, 18% used [0x00000000a0000000,0x00000000a1dd0430,0x00000000a9d00000)
 Metaspace       used 53804K, capacity 56298K, committed 56576K, reserved 1097728K
  class space    used 7435K, capacity 8125K, committed 8192K, reserved 1048576K
}
Event: 6.882 GC heap before
{Heap before GC invocations=11 (full 2):
 PSYoungGen      total 225792K, used 97188K [0x00000000e0000000, 0x00000000f0000000, 0x0000000100000000)
  eden space 208896K, 38% used [0x00000000e0000000,0x00000000e4e6f700,0x00000000ecc00000)
  from space 16896K, 99% used [0x00000000ee300000,0x00000000ef379ba8,0x00000000ef380000)
  to   space 23552K, 0% used [0x00000000ecc00000,0x00000000ecc00000,0x00000000ee300000)
 ParOldGen       total 160768K, used 30529K [0x00000000a0000000, 0x00000000a9d00000, 0x00000000e0000000)
  object space 160768K, 18% used [0x00000000a0000000,0x00000000a1dd0430,0x00000000a9d00000)
 Metaspace       used 56124K, capacity 58962K, committed 59008K, reserved 1099776K
  class space    used 7806K, capacity 8535K, committed 8576K, reserved 1048576K
Event: 6.902 GC heap after
Heap after GC invocations=11 (full 2):
 PSYoungGen      total 232448K, used 23522K [0x00000000e0000000, 0x00000000f4380000, 0x0000000100000000)
  eden space 208896K, 0% used [0x00000000e0000000,0x00000000e0000000,0x00000000ecc00000)
  from space 23552K, 99% used [0x00000000ecc00000,0x00000000ee2f88e8,0x00000000ee300000)
  to   space 29184K, 0% used [0x00000000f2700000,0x00000000f2700000,0x00000000f4380000)
 ParOldGen       total 160768K, used 36454K [0x00000000a0000000, 0x00000000a9d00000, 0x00000000e0000000)
  object space 160768K, 22% used [0x00000000a0000000,0x00000000a2399b70,0x00000000a9d00000)
 Metaspace       used 56124K, capacity 58962K, committed 59008K, reserved 1099776K
  class space    used 7806K, capacity 8535K, committed 8576K, reserved 1048576K
}
Event: 6.902 GC heap before
{Heap before GC invocations=12 (full 3):
 PSYoungGen      total 232448K, used 23522K [0x00000000e0000000, 0x00000000f4380000, 0x0000000100000000)
  eden space 208896K, 0% used [0x00000000e0000000,0x00000000e0000000,0x00000000ecc00000)
  from space 23552K, 99% used [0x00000000ecc00000,0x00000000ee2f88e8,0x00000000ee300000)
  to   space 29184K, 0% used [0x00000000f2700000,0x00000000f2700000,0x00000000f4380000)
 ParOldGen       total 160768K, used 36454K [0x00000000a0000000, 0x00000000a9d00000, 0x00000000e0000000)
  object space 160768K, 22% used [0x00000000a0000000,0x00000000a2399b70,0x00000000a9d00000)
 Metaspace       used 56124K, capacity 58962K, committed 59008K, reserved 1099776K
  class space    used 7806K, capacity 8535K, committed 8576K, reserved 1048576K
Event: 7.126 GC heap after
Heap after GC invocations=12 (full 3):
 PSYoungGen      total 232448K, used 0K [0x00000000e0000000, 0x00000000f4380000, 0x0000000100000000)
  eden space 208896K, 0% used [0x00000000e0000000,0x00000000e0000000,0x00000000ecc00000)
  from space 23552K, 0% used [0x00000000ecc00000,0x00000000ecc00000,0x00000000ee300000)
  to   space 29184K, 0% used [0x00000000f2700000,0x00000000f2700000,0x00000000f4380000)
 ParOldGen       total 262656K, used 55025K [0x00000000a0000000, 0x00000000b0080000, 0x00000000e0000000)
  object space 262656K, 20% used [0x00000000a0000000,0x00000000a35bc6b0,0x00000000b0080000)
 Metaspace       used 56124K, capacity 58962K, committed 59008K, reserved 1099776K
  class space    used 7806K, capacity 8535K, committed 8576K, reserved 1048576K
}
Event: 12.938 GC heap before
{Heap before GC invocations=13 (full 3):
 PSYoungGen      total 232448K, used 208896K [0x00000000e0000000, 0x00000000f4380000, 0x0000000100000000)
  eden space 208896K, 100% used [0x00000000e0000000,0x00000000ecc00000,0x00000000ecc00000)
  from space 23552K, 0% used [0x00000000ecc00000,0x00000000ecc00000,0x00000000ee300000)
  to   space 29184K, 0% used [0x00000000f2700000,0x00000000f2700000,0x00000000f4380000)
 ParOldGen       total 262656K, used 55025K [0x00000000a0000000, 0x00000000b0080000, 0x00000000e0000000)
  object space 262656K, 20% used [0x00000000a0000000,0x00000000a35bc6b0,0x00000000b0080000)
 Metaspace       used 61327K, capacity 64636K, committed 64768K, reserved 1103872K
  class space    used 8545K, capacity 9408K, committed 9472K, reserved 1048576K
Event: 12.951 GC heap after
Heap after GC invocations=13 (full 3):
 PSYoungGen      total 269824K, used 26097K [0x00000000e0000000, 0x00000000f4080000, 0x0000000100000000)
  eden space 243712K, 0% used [0x00000000e0000000,0x00000000e0000000,0x00000000eee00000)
  from space 26112K, 99% used [0x00000000f2700000,0x00000000f407c7d0,0x00000000f4080000)
  to   space 32256K, 0% used [0x00000000f0180000,0x00000000f0180000,0x00000000f2100000)
 ParOldGen       total 262656K, used 55052K [0x00000000a0000000, 0x00000000b0080000, 0x00000000e0000000)
  object space 262656K, 20% used [0x00000000a0000000,0x00000000a35c3300,0x00000000b0080000)
 Metaspace       used 61327K, capacity 64636K, committed 64768K, reserved 1103872K
  class space    used 8545K, capacity 9408K, committed 9472K, reserved 1048576K
}
Event: 20.872 GC heap before
{Heap before GC invocations=14 (full 3):
 PSYoungGen      total 269824K, used 269809K [0x00000000e0000000, 0x00000000f4080000, 0x0000000100000000)
  eden space 243712K, 100% used [0x00000000e0000000,0x00000000eee00000,0x00000000eee00000)
  from space 26112K, 99% used [0x00000000f2700000,0x00000000f407c7d0,0x00000000f4080000)
  to   space 32256K, 0% used [0x00000000f0180000,0x00000000f0180000,0x00000000f2100000)
 ParOldGen       total 262656K, used 55052K [0x00000000a0000000, 0x00000000b0080000, 0x00000000e0000000)
  object space 262656K, 20% used [0x00000000a0000000,0x00000000a35c3300,0x00000000b0080000)
 Metaspace       used 66104K, capacity 70372K, committed 70528K, reserved 1110016K
  class space    used 9012K, capacity 10069K, committed 10112K, reserved 1048576K
Event: 21.078 GC heap after
Heap after GC invocations=14 (full 3):
 PSYoungGen      total 295936K, used 31296K [0x00000000e0000000, 0x00000000f6380000, 0x0000000100000000)
  eden space 263680K, 0% used [0x00000000e0000000,0x00000000e0000000,0x00000000f0180000)
  from space 32256K, 97% used [0x00000000f0180000,0x00000000f20103c0,0x00000000f2100000)
  to   space 36352K, 0% used [0x00000000f4000000,0x00000000f4000000,0x00000000f6380000)
 ParOldGen       total 262656K, used 55060K [0x00000000a0000000, 0x00000000b0080000, 0x00000000e0000000)
  object space 262656K, 20% used [0x00000000a0000000,0x00000000a35c5300,0x00000000b0080000)
 Metaspace       used 66104K, capacity 70372K, committed 70528K, reserved 1110016K
  class space    used 9012K, capacity 10069K, committed 10112K, reserved 1048576K
}

